2026-03-22T05:41:12Z iter=2 role=researcher outcome=BTC_5m DISCARD sell_loss_start:0.70->0.50 pair_cost=1.0027(worse) max_dd=518% next=max_marginal_pair_cost:1.03->0.99 pair_rotated_to=BTC_15m
2026-03-22T06:15:00Z iter=2 role=monitor outcome=healthy replay_available mode, 0 CRITICAL, pair_cost_stuck WARNING active (BTC_5m 3/5 BTC_15m 4/5 >0.98), no sell_race no neg_shares
2026-03-22T05:52:06Z iter=4 role=researcher outcome=BTC_15m DISCARD pair_cost=0.9915 (baseline=0.9631) matched_ratio_collapsed=61%->8% next=cheap_threshold_0.07 rotation->BTC_1h
2026-03-22T00:30:00Z iter=4 role=monitor outcome=healthy 0/3 PM2 (replay mode), pair_cost_stuck WARNING active 5m=1.034 15m=1.028, no new CRITICAL alerts
2026-03-22T06:27:00Z iter=5 role=researcher outcome=BTC_1h BASELINE pair_cost=0.9382 max_dd=27.3% bars=16 next=risk_ceil_0.15->0.10
2026-03-22T06:35:00Z iter=5 role=strategist outcome=KEEP_rate=0% best_pair=BTC_1h(0.9382) worst_pair=BTC_5m(0.9676) sell_ratio_zero_all_pairs
2026-03-22T06:39:33Z iter=6 role=researcher outcome=BTC_1h DISCARD pair_cost=0.9588 max_dd=29.78% next=pace_urgency_hi_2.0->2.5
2026-03-22T07:21:26Z iter=9 role=researcher outcome=ETH_15m BASELINE pair_cost=0.9569 avg_profit=$-6.25 max_dd=284.48% bars=91 next=unmatched_ratio_0.50->0.35 pair_rotated_to=ETH_1h(pair_index=5)
2026-03-22T07:26:47Z iter=9 role=monitor outcome=healthy 0/0 live processes (replay mode), pair_cost_stuck WARNING active, no new bars since last check (53 bars total BTC_15m), PnL=-96.82 cumulative
2026-03-22T07:31:10Z iter=10 role=researcher outcome=ETH_1h BASELINE pair_cost=0.9626 avg_profit=$-8.50 max_dd=102.03% bars=24 next=unmatched_ratio_0.50->0.35 pair_rotated_to=SOL_5m(pair_index=6)
2026-03-22T07:45:00Z iter=10 role=strategist outcome=KEEP_rate=0/4=0% best_pair=ETH_5m(0.9236) worst_pair=BTC_5m(0.9676) new_blacklist=BTC_1h(risk_ceil,pace_urgency_hi) unmatched_ratio_staged_ETH
2026-03-22T07:39:19Z iter=11 role=researcher outcome=SOL_5m BASELINE pair_cost=0.9404 matched_ratio=43.2% max_dd=718.3% bars=274 next_pair=SOL_15m
2026-03-22T07:40:49Z iter=11 EXIT reason=no_active_experiment alerts=0 iters_since_strategist=1 iters_since_auditor=11 next=researcher(SOL_15m)
2026-03-22T08:00:00Z iter=12 role=researcher outcome=SOL_15m BASELINE pair_cost=0.9513 profit=$-3.63 max_dd=167.1% bars=92 next_pair=SOL_1h
2026-03-22T07:47:03Z iter=12 EXIT reason=no_role_matched elapsed=1216s alerts=0
2026-03-22T07:48:51Z iter=12 EXIT reason=incubating elapsed=21m alerts=0
2026-03-22T08:10:00Z iter=12 pair=SOL_1h role=RESEARCHER outcome=BASELINE pair_cost=0.9345 profit=$-212.13 max_dd=106.1%
2026-03-22T14:55:49Z iter=13 pair=XRP_5m role=researcher outcome=BASELINE pair_cost=0.9273 matched=33.2% bars=278
2026-03-22T14:58:37Z iter=14 pair=XRP_15m role=researcher outcome=BASELINE pair_cost=0.9627 matched=52.1% bars=93
2026-03-22T15:02:00Z iter=15 pair=XRP_1h role=researcher outcome=BASELINE pair_cost=0.9377 max_dd=75.28% — last baseline, all 12 complete
2026-03-22T15:06:33Z iter=16 pair=BTC_5m role=researcher outcome=DISCARD unmatched_ratio 0.50->0.35 pair_cost=0.9759(worse) max_dd=907% matched=69.2%(+1.3%) next=pace_urgency_lo rotation->BTC_15m
2026-03-22T15:30:00Z iter=17 pair=BTC_15m role=researcher outcome=DISCARD cheap_threshold 0.10->0.07 pair_cost=0.9608(vs baseline 0.9631) max_dd=272.75% bars=94 — marginal improvement not meaningful; next=pace_urgency_lo 0.5->0.35 rotation->BTC_1h
2026-03-22T15:14:22Z iter=18 pair=BTC_1h role=researcher outcome=DISCARD sell_loss_start 0.70->0.60 pair_cost=1.0023 max_dd=52.58%
2026-03-22T15:35:00Z iter=19 pair=ETH_5m role=researcher outcome=DISCARD unmatched_ratio 0.50->0.35 pair_cost worsened 0.9236->0.9300
2026-03-22T16:22:00Z iter=21 pair=ETH_15m role=researcher outcome=DISCARD_unmatched_ratio(pair_cost=0.9580,next=pace_urgency_lo)
2026-03-22T17:15:00Z iter=33 pair=BTC_5m role=STRATEGIST outcome=per-pair analysis: 6/12 profitable, throughput constraint identified, priority queues written for all 12 pairs, 4 global blacklists confirmed
