2026-03-27T00:00:00Z iter=1 pair=BTC_5m role=RESEARCHER outcome=BASELINE magnitude_gate=0.08 collapsed matched_ratio=0%, gate->0.04 staged, advancing to BTC_15m
2026-03-27T06:00:00Z iter=2 pair=BTC_15m role=RESEARCHER outcome=BASELINE magnitude_gate=0.08 collapsed matched_ratio=0% (133 bars), gate disabled (0.0) for next iter, advancing to BTC_1h
2026-03-27T08:24:31Z iter=3 pair=BTC_1h role=RESEARCHER outcome=BASELINE magnitude_gate=0.08 zero pairs formed; next experiment magnitude_gate 0.08->0.04
2026-03-27T09:00:00Z iter=4 pair=ETH_5m role=RESEARCHER outcome=BASELINE pair_cost=0.0000 matched=0% collapse(magnitude_gate=0.08) next_pair=ETH_15m
2026-03-26T20:30:50Z iter=5 pair=ETH_15m role=RESEARCHER outcome=BASELINE pair_cost=0.0000 matched=0% correct_side=73.2% collapse(magnitude_gate=0.08) knobs->magnitude_gate=0.04 next_pair=ETH_1h
2026-03-27T12:00:00Z iter=6 pair=ETH_1h role=RESEARCHER outcome=BASELINE pair_cost=0.0000 matched=0% fill=81.2% correct=70.4% collapse(magnitude_gate=0.08) knobs->magnitude_gate=0.04 next_pair=SOL_5m
2026-03-26T20:37:21Z iter=7 pair=SOL_5m role=RESEARCHER outcome=BASELINE pair_cost=0.0000 matched=0% fill=20.6% correct=59.8% total_profit=$63.12(unmatched) collapse(magnitude_gate=0.08) knobs->magnitude_gate=0.04 next_pair=SOL_15m
2026-03-27T14:00:00Z iter=8 pair=SOL_15m role=RESEARCHER outcome=BASELINE pair_cost=0.5668 matched=0.3% fill=31.9% correct=47.7% total_profit=-$27.94 near-collapse(magnitude_gate=0.08) knobs->magnitude_gate=0.04 next_pair=SOL_1h
2026-03-27T14:10:00Z iter=9 pair=SOL_1h role=RESEARCHER outcome=BASELINE magnitude_gate=0.08->0.04 pair_cost=0.0000 max_dd=5.25% bars=33
2026-03-27T00:00:00Z iter=11 pair=XRP_15m role=RESEARCHER outcome=BASELINE pair_cost=0.0000 matched=0% fill=39.7% correct=53.7% total_profit=-$21.03 collapse(magnitude_gate=0.08) knobs->magnitude_gate=0.04 next_pair=XRP_1h
2026-03-27T03:52:55Z iter=12 pair=XRP_1h role=RESEARCHER outcome=BASELINE pair_cost=0.8546 matched=3.6% fill=64.1% correct=82.6% DD=3.1% partial-formation(magnitude_gate=0.08) knobs->magnitude_gate=0.04 next_pair=BTC_5m
2026-03-27T04:10:00Z iter=12 pair=BTC_5m role=strategist outcome=rotation1_post_RESET_analysis_all12_need_gate0.04_baselines_XRP_1h_best_correct_side_82.6pct_SOL_1h_stale_knobs_flagged
2026-03-27T04:07:18Z iter=15 pair=BTC_1h role=RESEARCHER outcome=BASELINE pair_cost=0.0000 matched=0% fill=52.9% correct=68.4% DD=4.77% bars=34 gate=0.04 still_zero_pairs 1_live-log_outcome max_onesided_cost_5->2_staged next_pair=ETH_5m
2026-03-27T05:10:00Z iter=16 pair=ETH_5m role=RESEARCHER outcome=BASELINE pair_cost=0.0000 matched=0% fill=24.1% correct=52.0% DD=29.2% bars=406 gate=0.04 still_zero_pairs 27_live-log_outcomes pace_urgency_lo_0.35->0.30_staged next_pair=ETH_15m
2026-03-27T05:20:00Z iter=17 pair=ETH_15m role=RESEARCHER outcome=BASELINE pair_cost=0.0000 matched=0% fill=45.6% correct=71.0% DD=7.1% bars=136 gate=0.04 still_zero_pairs 8_live-log_outcomes pace_urgency_lo_0.30->0.25_staged next_pair=ETH_1h
2026-03-27T06:00:00Z iter=18 pair=ETH_1h role=researcher outcome=BASELINE gate=0.04 pair_cost=0.594 matched_ratio=2.0pct max_dd=13.8pct staged:pace_urgency_lo=0.30 advancing_to=SOL_5m
2026-03-27T06:10:00Z iter=19 pair=SOL_5m role=RESEARCHER outcome=BASELINE gate=0.04 pair_cost=0.000 matched_ratio=0% correct_side=56.4% max_dd=20.0% bars=407; staged pace_urgency_lo 0.35->0.30; advancing to SOL_15m
2026-03-27T07:00:00Z iter=20 pair=SOL_15m role=researcher outcome=BASELINE gate=0.04 matched_ratio=0.3% pair_cost=0.567 correct_side=45.5% max_dd=19.8% staged pace_urgency_lo 0.35->0.30
2026-03-27T08:00:00Z iter=21 pair=SOL_1h role=researcher outcome=BASELINE gate=0.04 + bar_budget stale fix (400->300): 0 pairs matched_ratio=0% correct_side=55% max_dd=7.3% bars=34
2026-03-27T09:00:00Z iter=22 pair=XRP_15m role=RESEARCHER outcome=BASELINE gate=0.04 pair_cost=0.950 matched_ratio=0.72% correct_side=50.0% max_dd=19.27% bars=138; XRP_5m FROZEN (skipped); pair formation returned; next: pace_urgency_lo 0.30->0.25
2026-03-27T09:10:00Z iter=23 pair=XRP_1h role=researcher outcome=BASELINE pair_cost=0.812 profit=+/usr/bin/bash.10 max_dd=8.03% matched_ratio=4.2% next=max_onesided_cost_5->2
2026-03-27T09:25:00Z iter=24 pair=BTC_5m role=RESEARCHER outcome=DISCARD gate=0.02 still_zero_pairs matched_ratio=0% correct_side=62.9% max_dd=23.0%; magnitude_gate=0.0(disabled) staged next_pair=BTC_15m
2026-03-27T10:00:00Z iter=24 pair=BTC_15m role=auditor outcome=FREEZE BTC_5m+SOL_15m+XRP_5m; PRIORITIZE XRP_1h; CONTINUE x8; 2 knobs fixes required (ETH_15m pace revert, BTC_1h risk_ceil)
2026-03-27T10:15:00Z iter=24 pair=BTC_15m role=strategist outcome=rotation-2-analysis-complete: 0/12 KEEP (all baselines); 7 pairs zero-formation (gate=0.0 needed); XRP_1h prioritized (pair_cost=0.812); ETH_1h active (pair_cost=0.594); BTC_5m+SOL_15m frozen; BTC_1h risk_ceil fix needed
2026-03-27T11:00:00Z iter=26 pair=BTC_1h role=RESEARCHER outcome=BASELINE risk_ceil_fixed+gate=0.0_still_zero_pairs matched_ratio=0% correct_side=70.0% max_dd=3.88% bars=34; auditor escalation flagged; advancing to ETH_5m
