2026-03-23T16:00:00Z iter=58 pair=XRP_5m role=strategist outcome=KEEP_rate=44%_best=SOL_1h(0.661)_worst=ETH_15m(DD=70%)_7pairs_beat_benchmark
2026-03-23T16:15:00Z iter=59 pair=XRP_5m role=RESEARCHER outcome=DISCARD fill_ticks 10->15 marginal gain, fill_rate structural limit; next=conviction_buy_skip 0.50->0.45
2026-03-23T00:18:00Z iter=68 pair=ETH_15m role=researcher outcome=KEEP max_onesided_cost 5.0->2.0 pair_cost=0.7032 max_dd=32.5%
2026-03-23T16:30:00Z iter=69 pair=ETH_1h role=researcher outcome=DISCARD conviction_buy_skip 0.45->0.40 pair_cost 0.7058->0.7212 (+2.2% regression) skip=0.45 confirmed as optimum (XRP_1h analog)
2026-03-23T16:40:00Z iter=71 pair=SOL_5m role=RESEARCHER outcome=KEEP conviction_buy_skip 0.50->0.45 pair_cost 0.8884->0.8140 avg_profit turned positive
2026-03-23T17:00:00Z iter=71 pair=SOL_15m role=auditor outcome=FREEZE ETH_5m+XRP_5m CONTINUE x10; 9/12 pairs beat trader_a benchmark; next rotation: scale SOL_1h/XRP_1h/XRP_15m budgets + fix DD on SOL_5m/ETH_15m
2026-03-23T17:10:00Z iter=71 pair=SOL_15m role=STRATEGIST outcome=9/12 pairs beat benchmark, rotation4 KEEP 6/13=46%, DD repair + capital scaling priority for rotation5
2026-03-23T17:30:00Z iter=73 pair=SOL_15m role=researcher outcome=2x KEEP re-eval+bar_budget200->300 pair_cost 0.7947->0.7859 max_dd 14.3->9.5pct
2026-03-23T23:51:00Z iter=74 pair=SOL_1h role=researcher outcome=DISCARD conviction_buy_skip 0.45->0.40 worsened pair_cost 11.5% (0.6605->0.7367), skip floor confirmed at 0.45
2026-03-23T23:54:35Z iter=75 pair=XRP_15m role=researcher outcome=DISCARD bar_budget 200->300 worsened pair_cost 0.7pct; next risk_ceil 0.15->0.20 on XRP_15m
2026-03-23T00:20:00Z iter=77 pair=BTC_5m role=researcher outcome=DISCARD baseline re-eval max_dd=33.2%, next: max_onesided_cost 5.0->3.0
2026-03-23T05:02:00Z iter=78 pair=BTC_15m role=researcher outcome=DISCARD compound skip=0.45+onesided=3.0 pair_cost=0.8964(-3.97%) max_dd=27.8% near-miss
2026-03-23T08:20:00Z iter=80 pair=BTC_1h role=researcher outcome=DISCARD(x2): re-eval variance + risk_ceil 0.15->0.20 failed to beat best KEEP 0.7988
2026-03-23T00:24:00Z iter=83 pair=ETH_1h role=researcher outcome=DISCARD risk_ceil 0.15->0.20 pair_cost 0.6789 max_dd=18.2% (3.8% improvement fails >5% KEEP RELAXED threshold)
2026-03-23T00:40:00Z iter=86 pair=SOL_1h role=researcher outcome=KEEP bar_budget=200->300 pair_cost=0.6547 max_dd=5.8%
2026-03-23T09:00:00Z iter=86 pair=XRP_5m role=researcher outcome=FROZEN -- audit.md FREEZE directive: fill_rate structural floor 54% + max_dd=69%, no experiment run, pair rotated to XRP_15m
2026-03-23T10:45:00Z iter=87 pair=XRP_15m role=researcher outcome=DISCARD risk_ceil 0.15->0.20 worsened pair_cost 0.7780->0.7849, profit -0.19, max_dd 16.9%; next: pace_urgency_lo 0.35->0.30
2026-03-23T12:00:00Z iter=89 pair=BTC_5m role=researcher outcome=DISCARD max_onesided_cost 5.0->3.0 fixed DD 33.2%->17.25% but cost marginally worse; next hypothesis: 5.0->2.0
2026-03-23T12:15:00Z iter=90 pair=BTC_15m role=researcher outcome=DISCARD compound skip=0.45+onesided=2.0 collapsed matched_ratio, pair_cost 1.0800 (+15.7%)
2026-03-23T13:03:16Z iter=91 pair=BTC_1h role=researcher outcome=DISCARD max_onesided_cost 5.0->3.0 pair_cost=0.7905 (+1.0% vs best 0.7988) max_dd=6.4%
2026-03-23T14:10:00Z iter=92 pair=ETH_5m role=researcher outcome=KEEP max_onesided_cost 5.0->2.0 pair_cost=0.7355 max_dd=22.9%
2026-03-23T14:45:00Z iter=94 pair=ETH_15m role=researcher outcome=DISCARD(x2) re-eval 0.5600->0.6750 dataset variance; onesided=1.0 collapsed matched_ratio, floor confirmed at 1.5; next=ETH_1h
