2026-03-22T07:21:26Z iter=8 pair=ETH_15m status=BASELINE param=- -→-
  eval: pair_cost=0.9569 profit=$-6.2523 total_profit=$-568.96 matched=0.5602 fill=0.8280 correct=0.0556 max_dd=284.48% bars=91
  hypothesis: "BASELINE — no changes. ETH_15m: pair_cost=0.957, matched_ratio=0.560 (lowest non-ETH_5m pair), max_dd=284.48% (very high). sell_ratio=0.0 consistent with all pairs. Cross-pair learning from BTC data: unmatched_ratio is key lever for matched_ratio. Next experiment: unmatched_ratio 0.50→0.35 to force engine to reduce one-sided holdings and promote pair matching, targeting matched_ratio >0.65."
2026-03-22T07:30:57Z iter=9 pair=ETH_1h status=BASELINE param=- -→-
  eval: pair_cost=0.9626 profit=$-8.5025 total_profit=$-204.06 matched=0.5611 fill=0.8322 correct=0.0833 max_dd=102.03% bars=24
  hypothesis: "BASELINE — no changes. ETH_1h: pair_cost=0.963, matched_ratio=0.561 (below BTC_1h baseline of 0.674), max_dd=102.03% (very high — far above 30% threshold, worst max_dd% normalized to bars seen). sell_ratio=0.0 consistent across all pairs. Cross-pair learning: unmatched_ratio is key lever for matched_ratio; unmatched_ratio 0.50→0.35 is the top-priority next experiment for ETH_1h (strategy.md recommendation). Pair rotation advanced to SOL_5m."
2026-03-22T05:41:12Z iter=1 pair=BTC_5m status=DISCARD param=sell_loss_start 0.70->0.50
  eval: pair_cost=1.0027 profit=$-6.03 total_profit=$-994.73 matched=0.7064 fill=0.8934 correct=0.1758 max_dd=518.23% bars=165
  reason: all 3 KEEP criteria failed (pair_cost 1.0027>0.9676 baseline, avg_profit -6.03<0, max_dd 518%>30%). Premature loss-cut sells at 0.50 forced exits before recovery, reducing matched pairs and raising pair cost.
  hypothesis: "Pair cost stuck WARNING active (monitor). Try tightening max_marginal_pair_cost 1.03->0.99 to block orders priced above 0.99. Should directly cut the high-cost tail that drives avg_pair_cost up. Pair rotation advanced to BTC_15m."
2026-03-22T05:52:06Z iter=3 pair=BTC_15m status=DISCARD param=max_marginal_pair_cost 1.03→0.99
  eval: pair_cost=0.9915 profit=$-0.4793 max_dd=15.30% bars=57
  hypothesis: "cheap_threshold 0.10→0.07: matched_ratio collapsed 61%→8% with tighter pair cost cap; next try selecting only genuinely cheap prices to reduce avg_pair_cost without blocking formation"
2026-03-22T06:26:57Z iter=4 pair=BTC_1h status=BASELINE param=- -→-
  eval: pair_cost=0.9382 profit=$-3.42 max_dd=27.3% bars=16
  hypothesis: "BASELINE — no changes. Observed: pair_cost=0.938 (best of 3 TFs at baseline), max_dd=27.3% (near 30% threshold), zero sells in 16 bars. Next experiment: risk_ceil 0.15→0.10 to cap per-prediction risk fraction and reduce drawdown."
2026-03-22T06:39:33Z iter=5 pair=BTC_1h status=DISCARD param=risk_ceil 0.15→0.10
  eval: pair_cost=0.9588 profit=$-3.5026 max_dd=29.78% bars=16
  hypothesis: "risk_ceil 0.15→0.10 added to BLACKLIST for BTC_1h: reducing per-prediction risk cap cut fills (fill_rate 0.807→0.777) and matched_ratio (0.674→0.647), worsening pair_cost (0.9382→0.9588) and raising max_dd (27.3→29.8%). Next: pace_urgency_hi 2.0→2.5 — raises urgency multiplier in the late-bar window, driving more aggressive second-side fill for open pairs in the 3600s 1h bar."
2026-03-22T07:39:19Z iter=10 pair=SOL_5m status=BASELINE param=- -
  eval: pair_cost=0.9404 profit=$-5.12 max_dd=718.3% bars=274
  hypothesis: "No prior SOL_5m data. Running baseline to establish reference metrics. Strategy directive: collect all 6 SOL/XRP baselines before any experiments. SOL_5m matched_ratio=0.432 is low (similar to ETH_5m=0.455), max_dd=718.3% is very high (5m compounding effect). Pair cost 0.9404 is within expected range."
2026-03-22T08:00:00Z iter=11 pair=SOL_15m status=BASELINE param=- -
  eval: pair_cost=0.9513 profit=$-3.63 max_dd=167.1% bars=92
  hypothesis: "No prior data for SOL_15m. Running baseline to establish reference metrics. matched_ratio=53.2% is in expected mid-range. correct_side_pct=22.2% is the highest seen so far (vs 10-15% for BTC/ETH), indicating SOL Pulse model has slightly better directional accuracy. Pre-staged unmatched_ratio=0.35 for next SOL_15m experiment (cross-pair hypothesis aligned with ETH pre-staging)."
2026-03-22T08:10:00Z iter=12 pair=SOL_1h status=BASELINE param=- no_change
  eval: pair_cost=0.9345 profit=$-212.13 max_dd=106.1% bars=24
  hypothesis: "BASELINE — first observation for SOL_1h. No knob changes."
2026-03-22T14:55:49Z iter=13 pair=XRP_5m status=BASELINE param=- -
  eval: pair_cost=0.9273 profit=$-896.47 max_dd=448.2% bars=278
  hypothesis: "BASELINE run — no changes. XRP_5m notable: lowest matched_ratio (33.2%) of all pairs but highest correct_side_pct (23.3%). Next: collect XRP_15m/1h baselines, then run unmatched_ratio=0.35 cross-pair experiment."
2026-03-22T14:58:37Z iter=14 pair=XRP_15m status=BASELINE param=- (no changes)
  eval: pair_cost=0.9627 profit=$-447.50 max_dd=228.43% bars=93
  hypothesis: "Collect baseline metrics for XRP_15m. matched_ratio=52.1%, correct_side_pct=15.1%, sell_ratio=0.0. Pattern consistent with other pairs."
2026-03-22T15:02:00Z iter=15 pair=XRP_1h status=BASELINE param=- (no change)
  eval: pair_cost=0.9377 profit=$-148.63 max_dd=75.28% bars=25
  hypothesis: "All 12 baselines complete. Staged unmatched_ratio 0.50->0.35 for next iteration (cross-pair experiment batch begins)."
2026-03-22T15:06:33Z iter=16 pair=BTC_5m status=DISCARD param=unmatched_ratio 0.50->0.35
  eval: pair_cost=0.9759 profit=$-6.40 total_profit=$-1772.33 matched=0.6920 fill=0.8900 correct=0.1300 max_dd=907.0% bars=277
  reason: pair_cost worsened (0.9676->0.9759), avg_profit worsened (-5.63->-6.40), max_dd nearly doubled (482->907%). Matched_ratio improved marginally (67.9->69.2%) but at worse prices — forced pair completions at unfavorable costs.
  hypothesis: "unmatched_ratio tightening counterproductive for BTC_5m — forcing pair completions at high cost. Next: try pace_urgency_lo 0.5->0.35 (strategy priority #2) to open orders earlier when prices are more favorable in the tight 5m window."
2026-03-22T15:30:00Z iter=17 pair=BTC_15m status=DISCARD param=cheap_threshold 0.10->0.07
  eval: pair_cost=0.9608 profit=$-5.80 total_profit=$-545.06 matched=0.6347 fill=0.8479 correct=0.1170 max_dd=272.75% bars=94
  reason: cheap_threshold 0.10->0.07 produced marginal pair_cost improvement (0.9631->0.9608, +0.24%) but avg_profit still negative, max_dd 272.75%. No KEEP criteria met, relaxed criteria not met (improvement <5%).
  hypothesis: "pace_urgency_lo 0.5->0.35 is strategy.md BTC_15m priority #1 and untested on any pair. Lower base pacing threshold opens orders earlier in the 900s bar window when prices are more favorable. Should improve fill price distribution and reduce avg_pair_cost structurally."
2026-03-22T15:14:22Z iter=18 pair=BTC_1h status=DISCARD param=sell_loss_start 0.70->0.60
  eval: pair_cost=1.0023 profit=$-4.15 max_dd=52.58% bars=25
  hypothesis: "unmatched_ratio 0.50->0.40 — strategy priority #1 for BTC_1h; forces more pair completions"
2026-03-22T15:35:00Z iter=19 pair=ETH_5m status=DISCARD param=unmatched_ratio 0.50->0.35
  eval: pair_cost=0.9300 profit=$-5.77 total_profit=$-1621.40 matched=0.4684 fill=0.8283 correct=0.1079 max_dd=810.70% bars=281
  reason: pair_cost worsened (0.9236->0.9300), avg_profit worsened (-4.79->-5.77), max_dd nearly doubled (431->811%). Matched_ratio marginally improved (0.4551->0.4684) but at worse prices — same pattern as BTC_5m DISCARD.
  hypothesis: "pace_urgency_lo 0.5->0.35 — strategy priority #2 for ETH_5m. Lower base pacing threshold to open orders earlier in the tight 300s 5m window when prices are more favorable. unmatched_ratio tightening failed on both BTC_5m and ETH_5m — cross-pair pattern confirmed: forcing pair completions worsens cost."
