2026-03-23T15:44:55Z iter=57 pair=SOL_1h status=DISCARD param=conviction_buy_skip 0.50->0.35
  eval: pair_cost=0.0000 profit=$-0.1187 max_dd=2.46% bars=32
  hypothesis: "conviction_buy_skip 0.50->0.35 too aggressive — zero pair formation (matched_ratio=0%), skip=0.35 excludes nearly all trades"
2026-03-23T15:46:49Z iter=58 pair=SOL_1h status=KEEP param=conviction_buy_skip 0.50->0.45
  eval: pair_cost=0.6605 profit=$+0.5424 max_dd=9.07% bars=32
  hypothesis: "conviction_buy_skip 0.50->0.45 — ETH_1h/SOL_15m analog pattern. SOL_1h 57% correct_side. Lower skip adds throughput while maintaining direction quality. Strategy priority #1 for SOL_1h. Result: pair_cost 5.2% improvement (0.6967->0.6605), avg_profit +$0.54/bar positive, max_dd unchanged."
2026-03-23T16:15:00Z iter=59 pair=XRP_5m status=DISCARD param=fill_ticks 10->15
  eval: pair_cost=0.8998 profit=$-0.3041 max_dd=66.97% bars=373
  hypothesis: "fill_ticks 10->15 — audit.md recommended for XRP_5m 54% fill_rate (worst in system). Strategy priority #3. Result: pair_cost only 0.96% improvement (0.9085->0.8998), fill_rate unchanged at 54% — structural microstructure limit. Does not meet 5% KEEP RELAXED threshold. DISCARD. Next: conviction_buy_skip 0.50->0.45 (strategy priority #1, XRP_15m analog showed 18.6% improvement)."
2026-03-23T00:18:00Z iter=68 pair=ETH_15m status=KEEP param=max_onesided_cost 5.0->2.0
  eval: pair_cost=0.7032 profit=$-0.32 max_dd=32.5% bars=127
  hypothesis: "max_onesided_cost 5.0->2.0 -- strategy.md PRIORITY #1 for ETH_15m. At 54.5% max_dd on current knobs (conviction_buy_skip=0.45), capping per-event directional exposure from $5 to $2 directly limits one-sided cost accumulation. Result: pair_cost improved 6.3% (0.7506->0.7032), avg_profit improved -$0.70->-$0.32, max_dd halved 54.5%->32.5%. KEEP RELAXED."
2026-03-23T16:30:00Z iter=69 pair=ETH_1h status=DISCARD param=conviction_buy_skip 0.45->0.40
  eval: pair_cost=0.7212 profit=hBc0.28 max_dd=14.0% bars=33
  hypothesis: "conviction_buy_skip 0.45->0.40 -- continue skip series; BTC_1h confirmed skip=0.40 KEEP (iter64). Result: pair_cost regressed 0.7058->0.7212 (+2.2%) despite avg_profit improving. ETH_1h matches XRP_1h anomaly -- skip=0.45 is the floor; further reduction adds lower-quality pairs at worse prices. Blacklist skip=0.40 for ETH_1h."
2026-03-23T16:40:00Z iter=71 pair=SOL_5m status=KEEP param=conviction_buy_skip 0.50->0.45
  eval: pair_cost=0.8140 profit=+$0.0007 max_dd=31.14% bars=382
  hypothesis: "conviction_buy_skip 0.50->0.45 on SOL_5m — SOL_15m analog (14.9% improvement at skip=0.45). V7.3 baseline re-eval first showed natural improvement (0.9455->0.8884, 6% gain). Skip=0.45 then pushed further to 0.8140 (8.4% from re-eval), avg_profit turned positive. Skip=0.45 now confirmed across all SOL TFs (5m/15m/1h). max_dd=31.14% marginally above 30% threshold but KEEP RELAXED applies."
2026-03-23T17:30:00Z iter=73 pair=SOL_15m role=researcher outcome=2x KEEP: re-eval (pair_cost 0.7956->0.7947, +0.112026-03-23T17:30:00Z iter=73 pair=SOL_15m role=researcher outcome=2x KEEP: re-eval pair_cost 0.7956->0.7947 then bar_budget 200->300 cost 0.7947->0.7859 max_dd 14.3->9.5pct
  eval: pair_cost=0.7859 profit=+$0.17/bar max_dd=9.5% bars=129
  hypothesis: "bar_budget 200->300 on benchmark-beating SOL_15m (audit directive: skip=0.40 bypassed due to XRP_15m collapse risk)"
