2026-03-26T20:37:21Z iter=7 pair=SOL_5m status=BASELINE param=magnitude_gate 0.08(new)->0.04(next)
  eval: pair_cost=0.0000 profit=$0.16/bar (total=$63.12) max_dd=13.3% bars=399 matched_ratio=0.0%
  hypothesis: "magnitude_gate=0.08 collapses all pair formation on SOL_5m (399 bars, 0% matched). Universal across all 7 pairs tested so far. Reducing to 0.04 to restore pair formation while retaining weak-signal filtering. This is the primary knob to tune for this reset cycle — all pairs need their magnitude_gate calibrated before other experiments resume."
2026-03-26T20:47:19Z iter=10 pair=XRP_5m status=BASELINE param=magnitude_gate 0.08->0.04
  eval: pair_cost=0.0000 profit=$-7.39 max_dd=13.41% bars=401 fill_rate=15.6% correct_side=57.8%
  hypothesis: "XRP_5m fresh post-RESET baseline confirms universal magnitude_gate=0.08 collapse pattern (10/10 pairs). Zero pairs formed; fill_rate=15.6% is lowest in system. Reducing magnitude_gate 0.08->0.04 is the universal fix — all 9 prior pairs need this same change. XRP_5m audit FREEZE pre-dates RESET; RESET intent establishes fresh baselines for all 12 pairs under new knob regime."
2026-03-26T21:00:00Z iter=13 pair=BTC_5m status=BASELINE param=magnitude_gate 0.04(baseline)->0.02(next)
  eval: pair_cost=0.0000 profit=$-0.02/bar (total=$-8.80) max_dd=23.6% bars=403 matched_ratio=0.0%
  hypothesis: "magnitude_gate=0.04 still collapses pair formation on BTC_5m (0% matched_ratio, same as gate=0.08 baseline). Only 24 live-log outcomes vs 403 bars suggests sparse Polymarket outcome resolution. correct_side=64.0% solid directional signal. Pre-RESET best was pair_cost=0.922 at gate=0.04 (from prior rotation 9). The gate threshold for BTC_5m may be lower than 0.04. Next: reduce magnitude_gate 0.04->0.02 to probe pair formation threshold."
2026-03-26T21:04:26Z iter=14 pair=BTC_15m status=BASELINE param=magnitude_gate=0.04(baseline) 0.0->0.04
  eval: pair_cost=0.0000 profit=$-0.22 max_dd=22.12% bars=136
  hypothesis: "gate=0.04 baseline still shows 0% matched_ratio (same collapse as gate=0.08). Only 8/136 bars have live-log outcomes — sparse resolution pattern confirmed cross-pair. Correct_side=56.5% moderate signal. Next: max_onesided_cost 5.0->2.0 per strategist queue item #2 — BTC_15m has 12% matched_ratio (highest in system), lowest collapse risk. ETH_5m/SOL_5m/BTC_5m all KEEP at onesided=2.0; high confidence this will KEEP."
2026-03-27T10:30:00Z iter=25 pair=BTC_15m status=BASELINE param=magnitude_gate=0.04->0.0+onesided=5.0->2.0 0.04->0.0
  eval: pair_cost=0.000 profit=-0.019/bar total=-2.67 max_dd=12.4% bars=139 fill_rate=40.3% correct_side=60.7%
  hypothesis: Disable magnitude_gate (0.04->0.0) combined with pre-staged onesided=2.0 to test if gate is the blocker for BTC_15m pair formation. Gate=0.08 (iter2), gate=0.04 (iter14), gate=0.0 (iter25) all show 0% matched_ratio -- gate is NOT the bottleneck. Only 11/139 outcome resolutions (7.9%) confirms structural outcome sparsity as root cause. Escalate to auditor for outcome resolution investigation.

2026-03-26T21:55:03Z iter=27 pair=ETH_5m status=DISCARD param=magnitude_gate 0.04->0.0
  eval: pair_cost=0.0000 profit=$-0.09 max_dd=28.70% bars=414
  hypothesis: "gate=0.04 collapses ETH_5m pair formation (iters 4+16 both 0 pairs); disabling gate (0.0) expected to restore pair formation per pre-RESET behavior; RESULT: still 0 pairs -- outcome sparsity (36/414=8.7% resolution) confirmed as structural bottleneck; gate is not the blocking variable; ETH_5m pair formation impossible in current dataset window; escalate to auditor"
2026-03-26T22:00:00Z iter=28 pair=ETH_15m status=DISCARD param=magnitude_gate=0.04->0.0(staged)+pace_urgency_lo=0.25->0.35(reverted) 
  eval: pair_cost=0.000 profit=$0.12/bar (+$17.05 total) max_dd=7.1% bars=139 matched_ratio=0.0% correct_side=71.0%
  hypothesis: "gate=0.04 with pre-staged pace=0.25 (knobs drift 2 steps ahead) confirms zero pairs same as iters 5 and 17. DISCARD the knobs drift; reverted pace to 0.35 (best_knobs). Staged magnitude_gate=0.0 for next experiment -- gate=0.04 is structural blocker for ETH_15m pair formation across 2 full rotations. ETH_15m correct_side=71.0% is 2nd highest in system; disabling gate entirely per audit+strategy rotation-3 directive #1."
2026-03-26T22:12:01Z iter=31 pair=SOL_15m status=SKIP param=FROZEN_SKIP -
  eval: pair_cost=- profit=- max_dd=-pct bars=-
  hypothesis: "AUDITOR FREEZE ACTIVE on SOL_15m (correct_side=45.5pct below 50pct threshold, worsening trend); no experiment run; advanced to SOL_1h"
2026-03-26T22:12:57Z iter=32 pair=SOL_1h status=DISCARD param=magnitude_gate 0.04->0.0
  eval: pair_cost=0.000 profit=-0.11/bar total=-3.82 max_dd=8.3pct bars=35
  hypothesis: "Rotation-3 gate=0.0 test for SOL_1h: 3rd consecutive zero-pair result (gate=0.08 iter9 gate=0.04 iter21 gate=0.0 iter32); only 3 live-log outcomes (8.6pct) confirms outcome sparsity as structural bottleneck, not gate threshold; correct_side=54.5pct moderate; avg_profit improved from -0.16 to -0.11/bar but still negative; max_dd=8.3pct safe; gate series exhausted for SOL_1h; escalate to auditor for outcome-sparsity root cause investigation"
2026-03-26T23:12:03Z iter=49 pair=BTC_15m status=SKIP param=FROZEN_SKIP -
  eval: pair_cost=- profit=- max_dd=-% bars=-
  hypothesis: "FROZEN per audit.md: 3 consecutive zero-pair baselines, outcome sparsity structural (11/139=7.9%), skipping"
2026-03-26T23:12:03Z iter=50 pair=BTC_1h status=SKIP param=FROZEN_SKIP -
  eval: pair_cost=- profit=- max_dd=-% bars=-
  hypothesis: "FROZEN per audit.md: extreme sparsity (1/34=2.9%), gate series exhausted, skipping"
2026-03-26T23:12:03Z iter=51 pair=ETH_5m status=SKIP param=FROZEN_SKIP -
  eval: pair_cost=- profit=- max_dd=-% bars=-
  hypothesis: "FROZEN per audit.md: max_dd=28.7% near kill threshold, 3x zero-pair baselines, skipping"
2026-03-26T23:12:03Z iter=52 pair=ETH_15m status=SKIP param=FROZEN_SKIP -
  eval: pair_cost=- profit=- max_dd=-% bars=-
  hypothesis: "FROZEN per audit.md: gate series exhausted R4, outcome sparsity (14/142=9.9%), skipping"
2026-03-26T23:12:03Z iter=53 pair=ETH_1h status=DISCARD param=pace_urgency_lo 0.35->0.30
  eval: pair_cost=0.5941 profit=+$0.08 max_dd=7.6% bars=35
  hypothesis: "pace=0.30 experiment — knobs pre-staged; baseline=0.5941; DISCARD: pace lever statistically inert on thin 35-bar/4-outcome dataset; identical to baseline (0% cost change); mirrors iter29 pattern; next: fill_ticks 1->2"
2026-03-26T23:42:00Z iter=61-65 pair=BTC_5m/BTC_15m/BTC_1h/ETH_5m/ETH_15m status=SKIP param=FROZEN_SKIP -
  eval: skipped (auditor freeze active, rotation 6)
  hypothesis: "10 pairs remain frozen by structural barriers (fill mechanics or outcome sparsity). Advancing rotation to ETH_1h."
2026-03-26T23:42:00Z iter=66 pair=ETH_1h status=DISCARD param=fill_ticks 1->2
  eval: pair_cost=0.5941 profit=-$0.04/bar max_dd=13.8% matched=1.9% fill_rate=81.4% bars=35
  hypothesis: "fill_ticks=2 increases order persistence in fill simulator, allowing limit orders to remain active across 2 tick intervals instead of 1, potentially improving fill_rate from ~81% toward ~95% and matched_ratio above 2.0%. RESULT: fill_rate=81.4% (identical to baseline), matched_ratio=1.9% (slight regression), avg_profit=-$0.04/bar (regression from +$0.08), max_dd=13.8% (exceeds 12% threshold). REJECTED: 1h limit orders already fill well at fill_ticks=1; extending persistence does not change pair formation outcomes on this thin dataset. DD regression suggests marginally different bar sampling. Next lever: chase_threshold 0.03->0.05."
